
--------------------------------------------------
              Welcome to VimmTV to Twitch BOT 
          This where Relay from VimmTV to Discord
       BOT is Open source but not allowed steal CODES
 All codes been made Copyrighted and Writen by ChisdealHDYT
       Make sure Like this Project and Fork it if want.
       Check BOT Creaotr Socials Below for Updates
--------------------------------------------------


--------------------------------------------------
                   Creator Of BOT 
            Username: ChisdealHDYT#7172
         Discord Link: discord.gg/RYscPHc
          Twitch: twitch.tv/chisdealhdyt
           VimmTV: vimm.tv/chisdealhd
         YouTube: youtube.com/chisdealhd
         Twitter: twitter.com/chisdealhd
--------------------------------------------------

Connected to Vimm WSS Server.
Joined: chiren
Connected to Vimm WSS Server.
Joined: chisdealhd
